2022-08-30 20:32:55,357 - __main__ - INFO - {'MembersUpdated': [1007838], 'MembersUpdatedCount': 1, 'RecordsUpdated': 2, 'Status': 'Complete'}
2022-08-31 22:24:47,735 - __main__ - INFO - {'MembersUpdated': [1007838], 'MembersUpdatedCount': 1, 'RecordsUpdated': 2, 'Status': 'Complete'}
2022-08-31 22:43:16,015 - __main__ - INFO - {'MembersUpdated': [1007838], 'MembersUpdatedCount': 1, 'RecordsUpdated': 2, 'Status': 'Complete'}
2022-08-31 22:55:00,625 - __main__ - INFO - {'MembersUpdated': [1007838], 'MembersUpdatedCount': 1, 'RecordsUpdated': 2, 'Status': 'Complete'}
2022-08-31 23:20:55,343 - __main__ - INFO - {'MembersUpdated': [1007838], 'MembersUpdatedCount': 1, 'RecordsUpdated': 2, 'Status': 'Complete'}
2022-09-01 04:05:14,207 - __main__ - INFO - {'Members Updated': 0, 'Records Updated': 0, 'Status': 'Complete'}
2022-09-02 04:13:52,144 - __main__ - INFO - {'Members Updated': 0, 'Records Updated': 0, 'Status': 'Complete'}
2022-09-03 04:02:52,903 - __main__ - INFO - {'Members Updated': 0, 'Records Updated': 0, 'Status': 'Complete'}
2022-09-05 04:18:50,805 - __main__ - INFO - {'Members Updated': 0, 'Records Updated': 0, 'Status': 'Complete'}
2022-09-07 04:24:54,303 - __main__ - INFO - {'Members Updated': 0, 'Records Updated': 0, 'Status': 'Complete'}
2022-09-08 04:08:15,020 - __main__ - INFO - {'Members Updated': 0, 'Records Updated': 0, 'Status': 'Complete'}
2022-09-09 04:04:48,018 - __main__ - INFO - {'Members Updated': 0, 'Records Updated': 0, 'Status': 'Complete'}
2022-09-10 04:13:32,579 - __main__ - INFO - {'Members Updated': 0, 'Records Updated': 0, 'Status': 'Complete'}
2022-09-12 04:25:19,243 - __main__ - INFO - {'Members Updated': 0, 'Records Updated': 0, 'Status': 'Complete'}
2022-09-14 09:22:08,415 - __main__ - INFO - {'College': 'CRDHA', 'MembersUpdated': [], 'MembersUpdatedCount': 0, 'RecordsUpdated': 0, 'Route': '/renewal', 'Status': 'Complete'}
2022-09-14 09:22:08,900 - __main__ - INFO - {'College': 'CRDHA', 'MembersUpdated': [], 'MembersUpdatedCount': 0, 'RecordsUpdated': 0, 'Route': '/removal', 'Status': 'Complete'}
2022-09-14 09:22:10,875 - __main__ - INFO - {'College': 'CDHNS', 'MembersUpdated': [], 'MembersUpdatedCount': 0, 'RecordsUpdated': 0, 'Route': '/renewal', 'Status': 'Complete'}
2022-09-14 09:22:11,654 - __main__ - INFO - {'College': 'CDHNS', 'MembersUpdated': [], 'MembersUpdatedCount': 0, 'RecordsUpdated': 0, 'Route': '/removal', 'Status': 'Complete'}
2022-09-14 09:33:20,771 - __main__ - INFO - {'College': 'CRDHA', 'MembersUpdated': [], 'MembersUpdatedCount': 0, 'RecordsUpdated': 0, 'Route': '/renewal', 'Status': 'Complete'}
2022-09-14 09:33:21,155 - __main__ - INFO - {'College': 'CRDHA', 'MembersUpdated': [], 'MembersUpdatedCount': 0, 'RecordsUpdated': 0, 'Route': '/removal', 'Status': 'Complete'}
2022-09-14 09:33:22,848 - __main__ - INFO - {'College': 'CDHNS', 'MembersUpdated': [], 'MembersUpdatedCount': 0, 'RecordsUpdated': 0, 'Route': '/renewal', 'Status': 'Complete'}
2022-09-14 09:33:23,504 - __main__ - INFO - {'College': 'CDHNS', 'MembersUpdated': [], 'MembersUpdatedCount': 0, 'RecordsUpdated': 0, 'Route': '/removal', 'Status': 'Complete'}
2022-09-14 09:34:57,566 - __main__ - INFO - {'College': 'CRDHA', 'MembersUpdated': [], 'MembersUpdatedCount': 0, 'RecordsUpdated': 0, 'Route': '/renewal', 'Status': 'Complete'}
2022-09-14 09:34:58,369 - __main__ - INFO - {'College': 'CRDHA', 'MembersUpdated': [], 'MembersUpdatedCount': 0, 'RecordsUpdated': 0, 'Route': '/removal', 'Status': 'Complete'}
2022-09-14 09:35:03,216 - __main__ - INFO - {'College': 'CDHNS', 'MembersUpdated': [10642], 'MembersUpdatedCount': 1, 'RecordsUpdated': 2, 'Route': '/renewal', 'Status': 'Complete'}
2022-09-14 09:35:05,912 - __main__ - INFO - {'College': 'CDHNS', 'MembersUpdated': [], 'MembersUpdatedCount': 0, 'RecordsUpdated': 0, 'Route': '/removal', 'Status': 'Complete'}
2022-09-14 09:38:31,184 - __main__ - INFO - {'College': 'CRDHA', 'MembersUpdated': [], 'MembersUpdatedCount': 0, 'RecordsUpdated': 0, 'Route': '/renewal', 'Status': 'Complete'}
2022-09-14 09:38:33,551 - __main__ - INFO - {'College': 'CRDHA', 'MembersUpdated': [], 'MembersUpdatedCount': 0, 'RecordsUpdated': 0, 'Route': '/removal', 'Status': 'Complete'}
2022-09-14 09:38:35,907 - __main__ - INFO - {'College': 'CRDHA', 'MembersUpdated': [], 'MembersUpdatedCount': 0, 'RecordsUpdated': 0, 'Route': '/renewal', 'Status': 'Complete'}
2022-09-14 09:38:38,265 - __main__ - INFO - {'College': 'CRDHA', 'MembersUpdated': [], 'MembersUpdatedCount': 0, 'RecordsUpdated': 0, 'Route': '/removal', 'Status': 'Complete'}
2022-09-14 09:41:07,532 - __main__ - INFO - {'College': 'CRDHA', 'MembersUpdated': [], 'MembersUpdatedCount': 0, 'RecordsUpdated': 0, 'Route': '/renewal', 'Status': 'Complete'}
2022-09-14 09:41:13,723 - __main__ - INFO - {'College': 'CRDHA', 'MembersUpdated': [], 'MembersUpdatedCount': 0, 'RecordsUpdated': 0, 'Route': '/renewal', 'Status': 'Complete'}
2022-09-14 09:44:25,151 - __main__ - INFO - {'College': 'CRDHA', 'MembersUpdated': [], 'MembersUpdatedCount': 0, 'RecordsUpdated': 0, 'Route': '/renewal', 'Status': 'Complete'}
2022-09-14 09:44:30,048 - __main__ - INFO - {'College': 'CRDHA', 'MembersUpdated': [1007619], 'MembersUpdatedCount': 1, 'RecordsUpdated': 3, 'Route': '/removal', 'Status': 'Complete'}
2022-09-14 09:44:32,434 - __main__ - INFO - {'College': 'CRDHA', 'MembersUpdated': [], 'MembersUpdatedCount': 0, 'RecordsUpdated': 0, 'Route': '/renewal', 'Status': 'Complete'}
2022-09-14 09:44:34,847 - __main__ - INFO - {'College': 'CRDHA', 'MembersUpdated': [], 'MembersUpdatedCount': 0, 'RecordsUpdated': 0, 'Route': '/removal', 'Status': 'Complete'}
2022-09-14 09:48:15,608 - __main__ - INFO - {'College': 'CRDHA', 'MembersUpdated': [], 'MembersUpdatedCount': 0, 'RecordsUpdated': 0, 'Route': '/renewal', 'Status': 'Complete'}
2022-09-14 09:48:26,880 - __main__ - INFO - {'College': 'CRDHA', 'MembersUpdated': [1007619], 'MembersUpdatedCount': 1, 'RecordsUpdated': 3, 'Route': '/removal', 'Status': 'Complete'}
2022-09-14 09:48:29,610 - __main__ - INFO - {'College': 'CRDHA', 'MembersUpdated': [], 'MembersUpdatedCount': 0, 'RecordsUpdated': 0, 'Route': '/renewal', 'Status': 'Complete'}
2022-09-14 09:48:31,994 - __main__ - INFO - {'College': 'CRDHA', 'MembersUpdated': [], 'MembersUpdatedCount': 0, 'RecordsUpdated': 0, 'Route': '/removal', 'Status': 'Complete'}
2022-09-15 08:09:27,312 - __main__ - INFO - {'College': 'CRDHA', 'MembersUpdated': [], 'MembersUpdatedCount': 0, 'RecordsUpdated': 0, 'Route': '/renewal', 'Status': 'Complete'}
2022-09-15 08:09:38,320 - __main__ - INFO - {'College': 'CRDHA', 'MembersUpdated': [1001138], 'MembersUpdatedCount': 1, 'RecordsUpdated': 4, 'Route': '/removal', 'Status': 'Complete'}
2022-09-15 08:09:39,510 - __main__ - INFO - {'College': 'CDHNS', 'MembersUpdated': [], 'MembersUpdatedCount': 0, 'RecordsUpdated': 0, 'Route': '/renewal', 'Status': 'Complete'}
2022-09-15 08:09:40,011 - __main__ - INFO - {'College': 'CDHNS', 'MembersUpdated': [], 'MembersUpdatedCount': 0, 'RecordsUpdated': 0, 'Route': '/removal', 'Status': 'Complete'}
2022-09-16 08:09:01,552 - __main__ - INFO - {'College': 'CRDHA', 'MembersUpdated': [], 'MembersUpdatedCount': 0, 'RecordsUpdated': 0, 'Route': '/renewal', 'Status': 'Complete'}
2022-09-16 08:09:01,685 - __main__ - INFO - {'College': 'CRDHA', 'MembersUpdated': [], 'MembersUpdatedCount': 0, 'RecordsUpdated': 0, 'Route': '/removal', 'Status': 'Complete'}
2022-09-16 08:09:03,256 - __main__ - INFO - {'College': 'CDHNS', 'MembersUpdated': [], 'MembersUpdatedCount': 0, 'RecordsUpdated': 0, 'Route': '/renewal', 'Status': 'Complete'}
2022-09-16 08:09:03,453 - __main__ - INFO - {'College': 'CDHNS', 'MembersUpdated': [], 'MembersUpdatedCount': 0, 'RecordsUpdated': 0, 'Route': '/removal', 'Status': 'Complete'}
2022-09-17 08:08:12,121 - __main__ - INFO - {'College': 'CRDHA', 'MembersUpdated': [], 'MembersUpdatedCount': 0, 'RecordsUpdated': 0, 'Route': '/renewal', 'Status': 'Complete'}
2022-09-17 08:08:12,411 - __main__ - INFO - {'College': 'CRDHA', 'MembersUpdated': [], 'MembersUpdatedCount': 0, 'RecordsUpdated': 0, 'Route': '/removal', 'Status': 'Complete'}
2022-09-17 08:08:14,663 - __main__ - INFO - {'College': 'CDHNS', 'MembersUpdated': [], 'MembersUpdatedCount': 0, 'RecordsUpdated': 0, 'Route': '/renewal', 'Status': 'Complete'}
2022-09-17 08:08:15,307 - __main__ - INFO - {'College': 'CDHNS', 'MembersUpdated': [], 'MembersUpdatedCount': 0, 'RecordsUpdated': 0, 'Route': '/removal', 'Status': 'Complete'}
2022-09-18 08:08:11,380 - __main__ - INFO - {'College': 'CRDHA', 'MembersUpdated': [], 'MembersUpdatedCount': 0, 'RecordsUpdated': 0, 'Route': '/renewal', 'Status': 'Complete'}
2022-09-18 08:08:11,674 - __main__ - INFO - {'College': 'CRDHA', 'MembersUpdated': [], 'MembersUpdatedCount': 0, 'RecordsUpdated': 0, 'Route': '/removal', 'Status': 'Complete'}
2022-09-18 08:08:13,303 - __main__ - INFO - {'College': 'CDHNS', 'MembersUpdated': [], 'MembersUpdatedCount': 0, 'RecordsUpdated': 0, 'Route': '/renewal', 'Status': 'Complete'}
2022-09-18 08:08:13,868 - __main__ - INFO - {'College': 'CDHNS', 'MembersUpdated': [], 'MembersUpdatedCount': 0, 'RecordsUpdated': 0, 'Route': '/removal', 'Status': 'Complete'}
2022-09-19 08:13:52,588 - __main__ - INFO - {'College': 'CRDHA', 'MembersUpdated': [], 'MembersUpdatedCount': 0, 'RecordsUpdated': 0, 'Route': '/renewal', 'Status': 'Complete'}
2022-09-19 08:13:52,846 - __main__ - INFO - {'College': 'CRDHA', 'MembersUpdated': [], 'MembersUpdatedCount': 0, 'RecordsUpdated': 0, 'Route': '/removal', 'Status': 'Complete'}
2022-09-19 08:13:54,223 - __main__ - INFO - {'College': 'CDHNS', 'MembersUpdated': [], 'MembersUpdatedCount': 0, 'RecordsUpdated': 0, 'Route': '/renewal', 'Status': 'Complete'}
2022-09-19 08:13:54,690 - __main__ - INFO - {'College': 'CDHNS', 'MembersUpdated': [], 'MembersUpdatedCount': 0, 'RecordsUpdated': 0, 'Route': '/removal', 'Status': 'Complete'}
2022-09-20 08:10:51,451 - __main__ - INFO - {'College': 'CRDHA', 'MembersUpdated': [], 'MembersUpdatedCount': 0, 'RecordsUpdated': 0, 'Route': '/renewal', 'Status': 'Complete'}
2022-09-20 08:10:51,569 - __main__ - INFO - {'College': 'CRDHA', 'MembersUpdated': [], 'MembersUpdatedCount': 0, 'RecordsUpdated': 0, 'Route': '/removal', 'Status': 'Complete'}
2022-09-20 08:10:53,321 - __main__ - INFO - {'College': 'CDHNS', 'MembersUpdated': [], 'MembersUpdatedCount': 0, 'RecordsUpdated': 0, 'Route': '/renewal', 'Status': 'Complete'}
2022-09-20 08:10:53,715 - __main__ - INFO - {'College': 'CDHNS', 'MembersUpdated': [], 'MembersUpdatedCount': 0, 'RecordsUpdated': 0, 'Route': '/removal', 'Status': 'Complete'}
2022-09-21 08:13:05,679 - __main__ - INFO - {'College': 'CRDHA', 'MembersUpdated': [], 'MembersUpdatedCount': 0, 'RecordsUpdated': 0, 'Route': '/renewal', 'Status': 'Complete'}
2022-09-21 08:13:06,046 - __main__ - INFO - {'College': 'CRDHA', 'MembersUpdated': [], 'MembersUpdatedCount': 0, 'RecordsUpdated': 0, 'Route': '/removal', 'Status': 'Complete'}
2022-09-21 08:13:08,508 - __main__ - INFO - {'College': 'CDHNS', 'MembersUpdated': [], 'MembersUpdatedCount': 0, 'RecordsUpdated': 0, 'Route': '/renewal', 'Status': 'Complete'}
2022-09-21 08:13:09,058 - __main__ - INFO - {'College': 'CDHNS', 'MembersUpdated': [], 'MembersUpdatedCount': 0, 'RecordsUpdated': 0, 'Route': '/removal', 'Status': 'Complete'}
2022-09-22 08:10:35,859 - __main__ - INFO - {'College': 'CRDHA', 'MembersUpdated': [], 'MembersUpdatedCount': 0, 'RecordsUpdated': 0, 'Route': '/renewal', 'Status': 'Complete'}
2022-09-22 08:10:35,998 - __main__ - INFO - {'College': 'CRDHA', 'MembersUpdated': [], 'MembersUpdatedCount': 0, 'RecordsUpdated': 0, 'Route': '/removal', 'Status': 'Complete'}
2022-09-22 08:10:38,048 - __main__ - INFO - {'College': 'CDHNS', 'MembersUpdated': [], 'MembersUpdatedCount': 0, 'RecordsUpdated': 0, 'Route': '/renewal', 'Status': 'Complete'}
2022-09-22 08:10:38,425 - __main__ - INFO - {'College': 'CDHNS', 'MembersUpdated': [], 'MembersUpdatedCount': 0, 'RecordsUpdated': 0, 'Route': '/removal', 'Status': 'Complete'}
2022-09-23 08:09:47,263 - __main__ - INFO - {'College': 'CRDHA', 'MembersUpdated': [], 'MembersUpdatedCount': 0, 'RecordsUpdated': 0, 'Route': '/renewal', 'Status': 'Complete'}
2022-09-23 08:09:47,422 - __main__ - INFO - {'College': 'CRDHA', 'MembersUpdated': [], 'MembersUpdatedCount': 0, 'RecordsUpdated': 0, 'Route': '/removal', 'Status': 'Complete'}
2022-09-23 08:09:50,153 - __main__ - INFO - {'College': 'CDHNS', 'MembersUpdated': [], 'MembersUpdatedCount': 0, 'RecordsUpdated': 0, 'Route': '/renewal', 'Status': 'Complete'}
2022-09-23 08:09:50,565 - __main__ - INFO - {'College': 'CDHNS', 'MembersUpdated': [], 'MembersUpdatedCount': 0, 'RecordsUpdated': 0, 'Route': '/removal', 'Status': 'Complete'}
2022-09-24 08:08:34,154 - __main__ - INFO - {'College': 'CRDHA', 'MembersUpdated': [], 'MembersUpdatedCount': 0, 'RecordsUpdated': 0, 'Route': '/removal', 'Status': 'Complete'}
2022-09-24 08:08:37,071 - __main__ - INFO - {'College': 'CDHNS', 'MembersUpdated': [], 'MembersUpdatedCount': 0, 'RecordsUpdated': 0, 'Route': '/renewal', 'Status': 'Complete'}
2022-09-24 08:08:37,695 - __main__ - INFO - {'College': 'CDHNS', 'MembersUpdated': [], 'MembersUpdatedCount': 0, 'RecordsUpdated': 0, 'Route': '/removal', 'Status': 'Complete'}
2022-09-25 08:08:54,183 - __main__ - INFO - {'College': 'CRDHA', 'MembersUpdated': [], 'MembersUpdatedCount': 0, 'RecordsUpdated': 0, 'Route': '/renewal', 'Status': 'Complete'}
2022-09-25 08:08:54,318 - __main__ - INFO - {'College': 'CRDHA', 'MembersUpdated': [], 'MembersUpdatedCount': 0, 'RecordsUpdated': 0, 'Route': '/removal', 'Status': 'Complete'}
2022-09-25 08:08:57,008 - __main__ - INFO - {'College': 'CDHNS', 'MembersUpdated': [], 'MembersUpdatedCount': 0, 'RecordsUpdated': 0, 'Route': '/renewal', 'Status': 'Complete'}
2022-09-25 08:08:57,397 - __main__ - INFO - {'College': 'CDHNS', 'MembersUpdated': [], 'MembersUpdatedCount': 0, 'RecordsUpdated': 0, 'Route': '/removal', 'Status': 'Complete'}
2022-09-26 08:11:20,742 - __main__ - INFO - {'College': 'CRDHA', 'MembersUpdated': [], 'MembersUpdatedCount': 0, 'RecordsUpdated': 0, 'Route': '/renewal', 'Status': 'Complete'}
2022-09-26 08:11:20,989 - __main__ - INFO - {'College': 'CRDHA', 'MembersUpdated': [], 'MembersUpdatedCount': 0, 'RecordsUpdated': 0, 'Route': '/removal', 'Status': 'Complete'}
2022-09-26 08:11:24,429 - __main__ - INFO - {'College': 'CDHNS', 'MembersUpdated': [], 'MembersUpdatedCount': 0, 'RecordsUpdated': 0, 'Route': '/renewal', 'Status': 'Complete'}
2022-09-26 08:11:24,884 - __main__ - INFO - {'College': 'CDHNS', 'MembersUpdated': [], 'MembersUpdatedCount': 0, 'RecordsUpdated': 0, 'Route': '/removal', 'Status': 'Complete'}
2022-09-27 08:16:36,000 - __main__ - INFO - {'College': 'CRDHA', 'MembersUpdated': [], 'MembersUpdatedCount': 0, 'RecordsUpdated': 0, 'Route': '/renewal', 'Status': 'Complete'}
2022-09-27 08:16:36,300 - __main__ - INFO - {'College': 'CRDHA', 'MembersUpdated': [], 'MembersUpdatedCount': 0, 'RecordsUpdated': 0, 'Route': '/removal', 'Status': 'Complete'}
2022-09-27 08:16:40,143 - __main__ - INFO - {'College': 'CDHNS', 'MembersUpdated': [], 'MembersUpdatedCount': 0, 'RecordsUpdated': 0, 'Route': '/renewal', 'Status': 'Complete'}
2022-09-27 08:16:40,512 - __main__ - INFO - {'College': 'CDHNS', 'MembersUpdated': [], 'MembersUpdatedCount': 0, 'RecordsUpdated': 0, 'Route': '/removal', 'Status': 'Complete'}
2022-09-28 08:12:14,702 - __main__ - INFO - {'College': 'CRDHA', 'MembersUpdated': [], 'MembersUpdatedCount': 0, 'RecordsUpdated': 0, 'Route': '/renewal', 'Status': 'Complete'}
2022-09-28 08:12:14,947 - __main__ - INFO - {'College': 'CRDHA', 'MembersUpdated': [], 'MembersUpdatedCount': 0, 'RecordsUpdated': 0, 'Route': '/removal', 'Status': 'Complete'}
2022-09-28 08:12:18,442 - __main__ - INFO - {'College': 'CDHNS', 'MembersUpdated': [], 'MembersUpdatedCount': 0, 'RecordsUpdated': 0, 'Route': '/renewal', 'Status': 'Complete'}
2022-09-28 08:12:18,958 - __main__ - INFO - {'College': 'CDHNS', 'MembersUpdated': [], 'MembersUpdatedCount': 0, 'RecordsUpdated': 0, 'Route': '/removal', 'Status': 'Complete'}
2022-09-29 08:13:08,493 - __main__ - INFO - {'College': 'CRDHA', 'MembersUpdated': [], 'MembersUpdatedCount': 0, 'RecordsUpdated': 0, 'Route': '/renewal', 'Status': 'Complete'}
2022-09-29 08:13:08,755 - __main__ - INFO - {'College': 'CRDHA', 'MembersUpdated': [], 'MembersUpdatedCount': 0, 'RecordsUpdated': 0, 'Route': '/removal', 'Status': 'Complete'}
2022-09-29 08:13:12,922 - __main__ - INFO - {'College': 'CDHNS', 'MembersUpdated': [], 'MembersUpdatedCount': 0, 'RecordsUpdated': 0, 'Route': '/renewal', 'Status': 'Complete'}
2022-09-29 08:13:13,473 - __main__ - INFO - {'College': 'CDHNS', 'MembersUpdated': [], 'MembersUpdatedCount': 0, 'RecordsUpdated': 0, 'Route': '/removal', 'Status': 'Complete'}
2022-09-30 08:15:58,750 - __main__ - INFO - {'College': 'CRDHA', 'MembersUpdated': [], 'MembersUpdatedCount': 0, 'RecordsUpdated': 0, 'Route': '/renewal', 'Status': 'Complete'}
2022-09-30 08:15:58,903 - __main__ - INFO - {'College': 'CRDHA', 'MembersUpdated': [], 'MembersUpdatedCount': 0, 'RecordsUpdated': 0, 'Route': '/removal', 'Status': 'Complete'}
2022-09-30 08:16:03,339 - __main__ - INFO - {'College': 'CDHNS', 'MembersUpdated': [], 'MembersUpdatedCount': 0, 'RecordsUpdated': 0, 'Route': '/renewal', 'Status': 'Complete'}
2022-09-30 08:16:03,700 - __main__ - INFO - {'College': 'CDHNS', 'MembersUpdated': [], 'MembersUpdatedCount': 0, 'RecordsUpdated': 0, 'Route': '/removal', 'Status': 'Complete'}
2022-10-01 08:09:03,056 - __main__ - INFO - {'College': 'CRDHA', 'MembersUpdated': [], 'MembersUpdatedCount': 0, 'RecordsUpdated': 0, 'Route': '/renewal', 'Status': 'Complete'}
2022-10-01 08:09:03,207 - __main__ - INFO - {'College': 'CRDHA', 'MembersUpdated': [], 'MembersUpdatedCount': 0, 'RecordsUpdated': 0, 'Route': '/removal', 'Status': 'Complete'}
2022-10-01 08:09:07,863 - __main__ - INFO - {'College': 'CDHNS', 'MembersUpdated': [], 'MembersUpdatedCount': 0, 'RecordsUpdated': 0, 'Route': '/renewal', 'Status': 'Complete'}
2022-10-01 08:09:08,282 - __main__ - INFO - {'College': 'CDHNS', 'MembersUpdated': [], 'MembersUpdatedCount': 0, 'RecordsUpdated': 0, 'Route': '/removal', 'Status': 'Complete'}
2022-10-02 08:08:56,338 - __main__ - INFO - {'College': 'CRDHA', 'MembersUpdated': [], 'MembersUpdatedCount': 0, 'RecordsUpdated': 0, 'Route': '/renewal', 'Status': 'Complete'}
2022-10-02 08:08:56,623 - __main__ - INFO - {'College': 'CRDHA', 'MembersUpdated': [], 'MembersUpdatedCount': 0, 'RecordsUpdated': 0, 'Route': '/removal', 'Status': 'Complete'}
2022-10-02 08:09:01,619 - __main__ - INFO - {'College': 'CDHNS', 'MembersUpdated': [], 'MembersUpdatedCount': 0, 'RecordsUpdated': 0, 'Route': '/renewal', 'Status': 'Complete'}
2022-10-02 08:09:02,183 - __main__ - INFO - {'College': 'CDHNS', 'MembersUpdated': [], 'MembersUpdatedCount': 0, 'RecordsUpdated': 0, 'Route': '/removal', 'Status': 'Complete'}
2022-10-03 08:10:12,761 - __main__ - INFO - {'College': 'CRDHA', 'MembersUpdated': [], 'MembersUpdatedCount': 0, 'RecordsUpdated': 0, 'Route': '/renewal', 'Status': 'Complete'}
2022-10-03 08:10:13,030 - __main__ - INFO - {'College': 'CRDHA', 'MembersUpdated': [], 'MembersUpdatedCount': 0, 'RecordsUpdated': 0, 'Route': '/removal', 'Status': 'Complete'}
2022-10-03 08:10:18,155 - __main__ - INFO - {'College': 'CDHNS', 'MembersUpdated': [], 'MembersUpdatedCount': 0, 'RecordsUpdated': 0, 'Route': '/renewal', 'Status': 'Complete'}
2022-10-03 08:10:18,649 - __main__ - INFO - {'College': 'CDHNS', 'MembersUpdated': [], 'MembersUpdatedCount': 0, 'RecordsUpdated': 0, 'Route': '/removal', 'Status': 'Complete'}
2022-10-04 08:10:48,115 - __main__ - INFO - {'College': 'CRDHA', 'MembersUpdated': [], 'MembersUpdatedCount': 0, 'RecordsUpdated': 0, 'Route': '/renewal', 'Status': 'Complete'}
2022-10-04 08:10:48,254 - __main__ - INFO - {'College': 'CRDHA', 'MembersUpdated': [], 'MembersUpdatedCount': 0, 'RecordsUpdated': 0, 'Route': '/removal', 'Status': 'Complete'}
2022-10-04 08:10:53,501 - __main__ - INFO - {'College': 'CDHNS', 'MembersUpdated': [], 'MembersUpdatedCount': 0, 'RecordsUpdated': 0, 'Route': '/renewal', 'Status': 'Complete'}
2022-10-04 08:10:53,896 - __main__ - INFO - {'College': 'CDHNS', 'MembersUpdated': [], 'MembersUpdatedCount': 0, 'RecordsUpdated': 0, 'Route': '/removal', 'Status': 'Complete'}
2022-10-05 08:10:26,949 - __main__ - INFO - {'College': 'CRDHA', 'MembersUpdated': [], 'MembersUpdatedCount': 0, 'RecordsUpdated': 0, 'Route': '/renewal', 'Status': 'Complete'}
2022-10-05 08:10:27,251 - __main__ - INFO - {'College': 'CRDHA', 'MembersUpdated': [], 'MembersUpdatedCount': 0, 'RecordsUpdated': 0, 'Route': '/removal', 'Status': 'Complete'}
2022-10-05 08:10:33,550 - __main__ - INFO - {'College': 'CDHNS', 'MembersUpdated': [], 'MembersUpdatedCount': 0, 'RecordsUpdated': 0, 'Route': '/renewal', 'Status': 'Complete'}
2022-10-05 08:10:34,129 - __main__ - INFO - {'College': 'CDHNS', 'MembersUpdated': [], 'MembersUpdatedCount': 0, 'RecordsUpdated': 0, 'Route': '/removal', 'Status': 'Complete'}
2022-10-06 08:09:46,645 - __main__ - INFO - {'College': 'CRDHA', 'MembersUpdated': [], 'MembersUpdatedCount': 0, 'RecordsUpdated': 0, 'Route': '/renewal', 'Status': 'Complete'}
2022-10-06 08:09:46,779 - __main__ - INFO - {'College': 'CRDHA', 'MembersUpdated': [], 'MembersUpdatedCount': 0, 'RecordsUpdated': 0, 'Route': '/removal', 'Status': 'Complete'}
2022-10-06 08:09:53,321 - __main__ - INFO - {'College': 'CDHNS', 'MembersUpdated': [], 'MembersUpdatedCount': 0, 'RecordsUpdated': 0, 'Route': '/renewal', 'Status': 'Complete'}
2022-10-06 08:09:53,733 - __main__ - INFO - {'College': 'CDHNS', 'MembersUpdated': [], 'MembersUpdatedCount': 0, 'RecordsUpdated': 0, 'Route': '/removal', 'Status': 'Complete'}
2022-10-07 08:09:49,428 - __main__ - INFO - {'College': 'CRDHA', 'MembersUpdated': [], 'MembersUpdatedCount': 0, 'RecordsUpdated': 0, 'Route': '/renewal', 'Status': 'Complete'}
2022-10-07 08:09:49,675 - __main__ - INFO - {'College': 'CRDHA', 'MembersUpdated': [], 'MembersUpdatedCount': 0, 'RecordsUpdated': 0, 'Route': '/removal', 'Status': 'Complete'}
2022-10-07 08:09:56,594 - __main__ - INFO - {'College': 'CDHNS', 'MembersUpdated': [], 'MembersUpdatedCount': 0, 'RecordsUpdated': 0, 'Route': '/renewal', 'Status': 'Complete'}
2022-10-07 08:09:57,112 - __main__ - INFO - {'College': 'CDHNS', 'MembersUpdated': [], 'MembersUpdatedCount': 0, 'RecordsUpdated': 0, 'Route': '/removal', 'Status': 'Complete'}
2022-10-08 08:09:04,631 - __main__ - INFO - {'College': 'CRDHA', 'MembersUpdated': [], 'MembersUpdatedCount': 0, 'RecordsUpdated': 0, 'Route': '/renewal', 'Status': 'Complete'}
2022-10-08 08:09:04,761 - __main__ - INFO - {'College': 'CRDHA', 'MembersUpdated': [], 'MembersUpdatedCount': 0, 'RecordsUpdated': 0, 'Route': '/removal', 'Status': 'Complete'}
2022-10-08 08:09:12,553 - __main__ - INFO - {'College': 'CDHNS', 'MembersUpdated': [], 'MembersUpdatedCount': 0, 'RecordsUpdated': 0, 'Route': '/renewal', 'Status': 'Complete'}
2022-10-08 08:09:12,956 - __main__ - INFO - {'College': 'CDHNS', 'MembersUpdated': [], 'MembersUpdatedCount': 0, 'RecordsUpdated': 0, 'Route': '/removal', 'Status': 'Complete'}
2022-10-09 08:08:52,458 - __main__ - INFO - {'College': 'CRDHA', 'MembersUpdated': [], 'MembersUpdatedCount': 0, 'RecordsUpdated': 0, 'Route': '/renewal', 'Status': 'Complete'}
2022-10-09 08:08:52,713 - __main__ - INFO - {'College': 'CRDHA', 'MembersUpdated': [], 'MembersUpdatedCount': 0, 'RecordsUpdated': 0, 'Route': '/removal', 'Status': 'Complete'}
2022-10-09 08:08:59,687 - __main__ - INFO - {'College': 'CDHNS', 'MembersUpdated': [], 'MembersUpdatedCount': 0, 'RecordsUpdated': 0, 'Route': '/renewal', 'Status': 'Complete'}
2022-10-09 08:09:00,196 - __main__ - INFO - {'College': 'CDHNS', 'MembersUpdated': [], 'MembersUpdatedCount': 0, 'RecordsUpdated': 0, 'Route': '/removal', 'Status': 'Complete'}
2022-10-10 08:14:18,868 - __main__ - INFO - {'College': 'CRDHA', 'MembersUpdated': [], 'MembersUpdatedCount': 0, 'RecordsUpdated': 0, 'Route': '/renewal', 'Status': 'Complete'}
2022-10-10 08:14:19,519 - __main__ - INFO - {'College': 'CRDHA', 'MembersUpdated': [1002882], 'MembersUpdatedCount': 1, 'RecordsUpdated': 3, 'Route': '/removal', 'Status': 'Complete'}
2022-10-10 08:14:27,156 - __main__ - INFO - {'College': 'CDHNS', 'MembersUpdated': [], 'MembersUpdatedCount': 0, 'RecordsUpdated': 0, 'Route': '/renewal', 'Status': 'Complete'}
2022-10-10 08:14:27,536 - __main__ - INFO - {'College': 'CDHNS', 'MembersUpdated': [], 'MembersUpdatedCount': 0, 'RecordsUpdated': 0, 'Route': '/removal', 'Status': 'Complete'}
2022-10-11 08:04:43,890 - __main__ - INFO - {'College': 'CRDHA', 'MembersUpdated': [], 'MembersUpdatedCount': 0, 'RecordsUpdated': 0, 'Route': '/renewal', 'Status': 'Complete'}
2022-10-11 08:04:44,032 - __main__ - INFO - {'College': 'CRDHA', 'MembersUpdated': [], 'MembersUpdatedCount': 0, 'RecordsUpdated': 0, 'Route': '/removal', 'Status': 'Complete'}
2022-10-11 08:04:51,644 - __main__ - INFO - {'College': 'CDHNS', 'MembersUpdated': [], 'MembersUpdatedCount': 0, 'RecordsUpdated': 0, 'Route': '/renewal', 'Status': 'Complete'}
2022-10-11 08:04:52,071 - __main__ - INFO - {'College': 'CDHNS', 'MembersUpdated': [], 'MembersUpdatedCount': 0, 'RecordsUpdated': 0, 'Route': '/removal', 'Status': 'Complete'}
2022-10-12 08:00:43,675 - __main__ - INFO - {'College': 'CRDHA', 'MembersUpdated': [], 'MembersUpdatedCount': 0, 'RecordsUpdated': 0, 'Route': '/renewal', 'Status': 'Complete'}
2022-10-12 08:00:43,828 - __main__ - INFO - {'College': 'CRDHA', 'MembersUpdated': [], 'MembersUpdatedCount': 0, 'RecordsUpdated': 0, 'Route': '/removal', 'Status': 'Complete'}
2022-10-12 08:00:51,660 - __main__ - INFO - {'College': 'CDHNS', 'MembersUpdated': [], 'MembersUpdatedCount': 0, 'RecordsUpdated': 0, 'Route': '/renewal', 'Status': 'Complete'}
2022-10-12 08:00:52,083 - __main__ - INFO - {'College': 'CDHNS', 'MembersUpdated': [], 'MembersUpdatedCount': 0, 'RecordsUpdated': 0, 'Route': '/removal', 'Status': 'Complete'}
2022-10-13 08:01:31,392 - __main__ - INFO - {'College': 'CRDHA', 'MembersUpdated': [], 'MembersUpdatedCount': 0, 'RecordsUpdated': 0, 'Route': '/renewal', 'Status': 'Complete'}
2022-10-13 08:01:32,127 - __main__ - INFO - {'College': 'CRDHA', 'MembersUpdated': [1000877], 'MembersUpdatedCount': 1, 'RecordsUpdated': 3, 'Route': '/removal', 'Status': 'Complete'}
2022-10-13 08:01:40,171 - __main__ - INFO - {'College': 'CDHNS', 'MembersUpdated': [], 'MembersUpdatedCount': 0, 'RecordsUpdated': 0, 'Route': '/renewal', 'Status': 'Complete'}
2022-10-13 08:01:40,685 - __main__ - INFO - {'College': 'CDHNS', 'MembersUpdated': [], 'MembersUpdatedCount': 0, 'RecordsUpdated': 0, 'Route': '/removal', 'Status': 'Complete'}
2022-10-14 08:02:27,344 - __main__ - INFO - {'College': 'CRDHA', 'MembersUpdated': [], 'MembersUpdatedCount': 0, 'RecordsUpdated': 0, 'Route': '/renewal', 'Status': 'Complete'}
2022-10-14 08:02:27,667 - __main__ - INFO - {'College': 'CRDHA', 'MembersUpdated': [], 'MembersUpdatedCount': 0, 'RecordsUpdated': 0, 'Route': '/removal', 'Status': 'Complete'}
2022-10-14 08:02:35,687 - __main__ - INFO - {'College': 'CDHNS', 'MembersUpdated': [], 'MembersUpdatedCount': 0, 'RecordsUpdated': 0, 'Route': '/renewal', 'Status': 'Complete'}
2022-10-14 08:02:36,239 - __main__ - INFO - {'College': 'CDHNS', 'MembersUpdated': [], 'MembersUpdatedCount': 0, 'RecordsUpdated': 0, 'Route': '/removal', 'Status': 'Complete'}
2022-10-15 08:00:39,284 - __main__ - INFO - {'College': 'CRDHA', 'MembersUpdated': [], 'MembersUpdatedCount': 0, 'RecordsUpdated': 0, 'Route': '/renewal', 'Status': 'Complete'}
2022-10-15 08:00:39,609 - __main__ - INFO - {'College': 'CRDHA', 'MembersUpdated': [1002610], 'MembersUpdatedCount': 1, 'RecordsUpdated': 3, 'Route': '/removal', 'Status': 'Complete'}
2022-10-15 08:00:47,334 - __main__ - INFO - {'College': 'CDHNS', 'MembersUpdated': [], 'MembersUpdatedCount': 0, 'RecordsUpdated': 0, 'Route': '/renewal', 'Status': 'Complete'}
2022-10-15 08:00:47,698 - __main__ - INFO - {'College': 'CDHNS', 'MembersUpdated': [], 'MembersUpdatedCount': 0, 'RecordsUpdated': 0, 'Route': '/removal', 'Status': 'Complete'}
2022-10-16 08:00:44,787 - __main__ - INFO - {'College': 'CRDHA', 'MembersUpdated': [], 'MembersUpdatedCount': 0, 'RecordsUpdated': 0, 'Route': '/renewal', 'Status': 'Complete'}
2022-10-16 08:00:44,917 - __main__ - INFO - {'College': 'CRDHA', 'MembersUpdated': [], 'MembersUpdatedCount': 0, 'RecordsUpdated': 0, 'Route': '/removal', 'Status': 'Complete'}
2022-10-16 08:00:52,688 - __main__ - INFO - {'College': 'CDHNS', 'MembersUpdated': [], 'MembersUpdatedCount': 0, 'RecordsUpdated': 0, 'Route': '/renewal', 'Status': 'Complete'}
2022-10-16 08:00:53,084 - __main__ - INFO - {'College': 'CDHNS', 'MembersUpdated': [], 'MembersUpdatedCount': 0, 'RecordsUpdated': 0, 'Route': '/removal', 'Status': 'Complete'}
2022-10-17 08:07:43,459 - __main__ - INFO - {'College': 'CRDHA', 'MembersUpdated': [], 'MembersUpdatedCount': 0, 'RecordsUpdated': 0, 'Route': '/renewal', 'Status': 'Complete'}
2022-10-17 08:07:43,772 - __main__ - INFO - {'College': 'CRDHA', 'MembersUpdated': [], 'MembersUpdatedCount': 0, 'RecordsUpdated': 0, 'Route': '/removal', 'Status': 'Complete'}
2022-10-17 08:07:52,033 - __main__ - INFO - {'College': 'CDHNS', 'MembersUpdated': [], 'MembersUpdatedCount': 0, 'RecordsUpdated': 0, 'Route': '/renewal', 'Status': 'Complete'}
2022-10-17 08:07:52,550 - __main__ - INFO - {'College': 'CDHNS', 'MembersUpdated': [], 'MembersUpdatedCount': 0, 'RecordsUpdated': 0, 'Route': '/removal', 'Status': 'Complete'}
2022-10-18 08:03:43,938 - __main__ - INFO - {'College': 'CRDHA', 'MembersUpdated': [], 'MembersUpdatedCount': 0, 'RecordsUpdated': 0, 'Route': '/renewal', 'Status': 'Complete'}
2022-10-18 08:03:44,237 - __main__ - INFO - {'College': 'CRDHA', 'MembersUpdated': [], 'MembersUpdatedCount': 0, 'RecordsUpdated': 0, 'Route': '/removal', 'Status': 'Complete'}
2022-10-18 08:03:52,217 - __main__ - INFO - {'College': 'CDHNS', 'MembersUpdated': [], 'MembersUpdatedCount': 0, 'RecordsUpdated': 0, 'Route': '/renewal', 'Status': 'Complete'}
2022-10-18 08:03:52,887 - __main__ - INFO - {'College': 'CDHNS', 'MembersUpdated': [], 'MembersUpdatedCount': 0, 'RecordsUpdated': 0, 'Route': '/removal', 'Status': 'Complete'}
2022-10-19 08:06:34,258 - __main__ - INFO - {'College': 'CRDHA', 'MembersUpdated': [], 'MembersUpdatedCount': 0, 'RecordsUpdated': 0, 'Route': '/renewal', 'Status': 'Complete'}
2022-10-19 08:06:34,423 - __main__ - INFO - {'College': 'CRDHA', 'MembersUpdated': [], 'MembersUpdatedCount': 0, 'RecordsUpdated': 0, 'Route': '/removal', 'Status': 'Complete'}
2022-10-19 08:06:41,869 - __main__ - INFO - {'College': 'CDHNS', 'MembersUpdated': [], 'MembersUpdatedCount': 0, 'RecordsUpdated': 0, 'Route': '/renewal', 'Status': 'Complete'}
2022-10-19 08:06:42,258 - __main__ - INFO - {'College': 'CDHNS', 'MembersUpdated': [], 'MembersUpdatedCount': 0, 'RecordsUpdated': 0, 'Route': '/removal', 'Status': 'Complete'}
2022-10-20 08:01:13,998 - __main__ - INFO - {'College': 'CRDHA', 'MembersUpdated': [], 'MembersUpdatedCount': 0, 'RecordsUpdated': 0, 'Route': '/renewal', 'Status': 'Complete'}
2022-10-20 08:01:14,327 - __main__ - INFO - {'College': 'CRDHA', 'MembersUpdated': [], 'MembersUpdatedCount': 0, 'RecordsUpdated': 0, 'Route': '/removal', 'Status': 'Complete'}
2022-10-20 08:01:22,630 - __main__ - INFO - {'College': 'CDHNS', 'MembersUpdated': [], 'MembersUpdatedCount': 0, 'RecordsUpdated': 0, 'Route': '/renewal', 'Status': 'Complete'}
2022-10-20 08:01:23,168 - __main__ - INFO - {'College': 'CDHNS', 'MembersUpdated': [], 'MembersUpdatedCount': 0, 'RecordsUpdated': 0, 'Route': '/removal', 'Status': 'Complete'}
2022-10-21 08:00:57,137 - __main__ - INFO - {'College': 'CRDHA', 'MembersUpdated': [], 'MembersUpdatedCount': 0, 'RecordsUpdated': 0, 'Route': '/renewal', 'Status': 'Complete'}
2022-10-21 08:00:57,277 - __main__ - INFO - {'College': 'CRDHA', 'MembersUpdated': [], 'MembersUpdatedCount': 0, 'RecordsUpdated': 0, 'Route': '/removal', 'Status': 'Complete'}
2022-10-21 08:01:05,574 - __main__ - INFO - {'College': 'CDHNS', 'MembersUpdated': [], 'MembersUpdatedCount': 0, 'RecordsUpdated': 0, 'Route': '/renewal', 'Status': 'Complete'}
2022-10-21 08:01:05,781 - __main__ - INFO - {'College': 'CDHNS', 'MembersUpdated': [], 'MembersUpdatedCount': 0, 'RecordsUpdated': 0, 'Route': '/removal', 'Status': 'Complete'}
2022-10-22 08:00:52,993 - __main__ - INFO - {'College': 'CRDHA', 'MembersUpdated': [], 'MembersUpdatedCount': 0, 'RecordsUpdated': 0, 'Route': '/renewal', 'Status': 'Complete'}
2022-10-22 08:00:53,359 - __main__ - INFO - {'College': 'CRDHA', 'MembersUpdated': [], 'MembersUpdatedCount': 0, 'RecordsUpdated': 0, 'Route': '/removal', 'Status': 'Complete'}
2022-10-22 08:01:01,480 - __main__ - INFO - {'College': 'CDHNS', 'MembersUpdated': [], 'MembersUpdatedCount': 0, 'RecordsUpdated': 0, 'Route': '/renewal', 'Status': 'Complete'}
2022-10-22 08:01:02,127 - __main__ - INFO - {'College': 'CDHNS', 'MembersUpdated': [], 'MembersUpdatedCount': 0, 'RecordsUpdated': 0, 'Route': '/removal', 'Status': 'Complete'}
2022-10-23 08:00:39,151 - __main__ - INFO - {'College': 'CRDHA', 'MembersUpdated': [], 'MembersUpdatedCount': 0, 'RecordsUpdated': 0, 'Route': '/renewal', 'Status': 'Complete'}
2022-10-23 08:00:39,504 - __main__ - INFO - {'College': 'CRDHA', 'MembersUpdated': [], 'MembersUpdatedCount': 0, 'RecordsUpdated': 0, 'Route': '/removal', 'Status': 'Complete'}
2022-10-23 08:00:47,336 - __main__ - INFO - {'College': 'CDHNS', 'MembersUpdated': [], 'MembersUpdatedCount': 0, 'RecordsUpdated': 0, 'Route': '/renewal', 'Status': 'Complete'}
2022-10-23 08:00:47,891 - __main__ - INFO - {'College': 'CDHNS', 'MembersUpdated': [], 'MembersUpdatedCount': 0, 'RecordsUpdated': 0, 'Route': '/removal', 'Status': 'Complete'}
2022-10-24 08:06:36,740 - __main__ - INFO - {'College': 'CRDHA', 'MembersUpdated': [], 'MembersUpdatedCount': 0, 'RecordsUpdated': 0, 'Route': '/renewal', 'Status': 'Complete'}
2022-10-24 08:06:37,110 - __main__ - INFO - {'College': 'CRDHA', 'MembersUpdated': [], 'MembersUpdatedCount': 0, 'RecordsUpdated': 0, 'Route': '/removal', 'Status': 'Complete'}
2022-10-24 08:06:44,853 - __main__ - INFO - {'College': 'CDHNS', 'MembersUpdated': [], 'MembersUpdatedCount': 0, 'RecordsUpdated': 0, 'Route': '/renewal', 'Status': 'Complete'}
2022-10-24 08:06:45,448 - __main__ - INFO - {'College': 'CDHNS', 'MembersUpdated': [], 'MembersUpdatedCount': 0, 'RecordsUpdated': 0, 'Route': '/removal', 'Status': 'Complete'}
2022-10-25 08:04:11,352 - __main__ - INFO - {'College': 'CRDHA', 'MembersUpdated': [], 'MembersUpdatedCount': 0, 'RecordsUpdated': 0, 'Route': '/renewal', 'Status': 'Complete'}
2022-10-25 08:04:11,488 - __main__ - INFO - {'College': 'CRDHA', 'MembersUpdated': [], 'MembersUpdatedCount': 0, 'RecordsUpdated': 0, 'Route': '/removal', 'Status': 'Complete'}
2022-10-25 08:04:19,036 - __main__ - INFO - {'College': 'CDHNS', 'MembersUpdated': [], 'MembersUpdatedCount': 0, 'RecordsUpdated': 0, 'Route': '/renewal', 'Status': 'Complete'}
2022-10-25 08:04:19,395 - __main__ - INFO - {'College': 'CDHNS', 'MembersUpdated': [], 'MembersUpdatedCount': 0, 'RecordsUpdated': 0, 'Route': '/removal', 'Status': 'Complete'}
2022-10-26 08:00:55,267 - __main__ - INFO - {'College': 'CRDHA', 'MembersUpdated': [], 'MembersUpdatedCount': 0, 'RecordsUpdated': 0, 'Route': '/renewal', 'Status': 'Complete'}
2022-10-26 08:00:55,413 - __main__ - INFO - {'College': 'CRDHA', 'MembersUpdated': [], 'MembersUpdatedCount': 0, 'RecordsUpdated': 0, 'Route': '/removal', 'Status': 'Complete'}
2022-10-26 08:01:03,178 - __main__ - INFO - {'College': 'CDHNS', 'MembersUpdated': [], 'MembersUpdatedCount': 0, 'RecordsUpdated': 0, 'Route': '/renewal', 'Status': 'Complete'}
2022-10-26 08:01:03,386 - __main__ - INFO - {'College': 'CDHNS', 'MembersUpdated': [], 'MembersUpdatedCount': 0, 'RecordsUpdated': 0, 'Route': '/removal', 'Status': 'Complete'}
2022-10-27 08:00:50,260 - __main__ - INFO - {'College': 'CRDHA', 'MembersUpdated': [], 'MembersUpdatedCount': 0, 'RecordsUpdated': 0, 'Route': '/renewal', 'Status': 'Complete'}
2022-10-27 08:00:50,414 - __main__ - INFO - {'College': 'CRDHA', 'MembersUpdated': [], 'MembersUpdatedCount': 0, 'RecordsUpdated': 0, 'Route': '/removal', 'Status': 'Complete'}
2022-10-27 08:00:57,878 - __main__ - INFO - {'College': 'CDHNS', 'MembersUpdated': [], 'MembersUpdatedCount': 0, 'RecordsUpdated': 0, 'Route': '/renewal', 'Status': 'Complete'}
2022-10-27 08:00:58,247 - __main__ - INFO - {'College': 'CDHNS', 'MembersUpdated': [], 'MembersUpdatedCount': 0, 'RecordsUpdated': 0, 'Route': '/removal', 'Status': 'Complete'}
2022-10-28 08:00:41,821 - __main__ - INFO - {'College': 'CRDHA', 'MembersUpdated': [], 'MembersUpdatedCount': 0, 'RecordsUpdated': 0, 'Route': '/renewal', 'Status': 'Complete'}
2022-10-28 08:00:42,175 - __main__ - INFO - {'College': 'CRDHA', 'MembersUpdated': [], 'MembersUpdatedCount': 0, 'RecordsUpdated': 0, 'Route': '/removal', 'Status': 'Complete'}
2022-10-28 08:00:50,050 - __main__ - INFO - {'College': 'CDHNS', 'MembersUpdated': [], 'MembersUpdatedCount': 0, 'RecordsUpdated': 0, 'Route': '/renewal', 'Status': 'Complete'}
2022-10-28 08:00:50,680 - __main__ - INFO - {'College': 'CDHNS', 'MembersUpdated': [], 'MembersUpdatedCount': 0, 'RecordsUpdated': 0, 'Route': '/removal', 'Status': 'Complete'}
2022-10-29 08:00:38,848 - __main__ - INFO - {'College': 'CRDHA', 'MembersUpdated': [], 'MembersUpdatedCount': 0, 'RecordsUpdated': 0, 'Route': '/renewal', 'Status': 'Complete'}
2022-10-29 08:00:38,983 - __main__ - INFO - {'College': 'CRDHA', 'MembersUpdated': [], 'MembersUpdatedCount': 0, 'RecordsUpdated': 0, 'Route': '/removal', 'Status': 'Complete'}
2022-10-29 08:00:46,642 - __main__ - INFO - {'College': 'CDHNS', 'MembersUpdated': [], 'MembersUpdatedCount': 0, 'RecordsUpdated': 0, 'Route': '/renewal', 'Status': 'Complete'}
2022-10-29 08:00:47,001 - __main__ - INFO - {'College': 'CDHNS', 'MembersUpdated': [], 'MembersUpdatedCount': 0, 'RecordsUpdated': 0, 'Route': '/removal', 'Status': 'Complete'}
2022-10-30 08:00:52,138 - __main__ - INFO - {'College': 'CRDHA', 'MembersUpdated': [], 'MembersUpdatedCount': 0, 'RecordsUpdated': 0, 'Route': '/renewal', 'Status': 'Complete'}
2022-10-30 08:01:03,036 - __main__ - INFO - {'College': 'CDHNS', 'MembersUpdated': [], 'MembersUpdatedCount': 0, 'RecordsUpdated': 0, 'Route': '/renewal', 'Status': 'Complete'}
2022-10-30 08:01:03,403 - __main__ - INFO - {'College': 'CDHNS', 'MembersUpdated': [], 'MembersUpdatedCount': 0, 'RecordsUpdated': 0, 'Route': '/removal', 'Status': 'Complete'}
2022-11-03 08:00:54,434 - __main__ - INFO - {'College': 'CRDHA', 'MembersUpdated': [1000594, 1001186, 1001191, 1002617, 1003218, 1006030, 1007359], 'MembersUpdatedCount': 7, 'RecordsUpdated': 14, 'Route': '/renewal', 'Status': 'Complete'}
2022-11-03 08:00:55,050 - __main__ - INFO - {'College': 'CRDHA', 'MembersUpdated': [1000434, 1002860, 1001648, 1003188, 1004584], 'MembersUpdatedCount': 5, 'RecordsUpdated': 16, 'Route': '/removal', 'Status': 'Complete'}
2022-11-03 08:00:56,034 - __main__ - INFO - {'College': 'CDHNS', 'MembersUpdated': [], 'MembersUpdatedCount': 0, 'RecordsUpdated': 0, 'Route': '/renewal', 'Status': 'Complete'}
2022-11-03 08:00:56,831 - __main__ - INFO - {'College': 'CDHNS', 'MembersUpdated': [], 'MembersUpdatedCount': 0, 'RecordsUpdated': 0, 'Route': '/removal', 'Status': 'Complete'}
2022-11-04 08:00:57,984 - __main__ - INFO - {'College': 'CRDHA', 'MembersUpdated': [], 'MembersUpdatedCount': 0, 'RecordsUpdated': 0, 'Route': '/renewal', 'Status': 'Complete'}
2022-11-04 08:00:58,130 - __main__ - INFO - {'College': 'CRDHA', 'MembersUpdated': [], 'MembersUpdatedCount': 0, 'RecordsUpdated': 0, 'Route': '/removal', 'Status': 'Complete'}
2022-11-04 08:00:59,128 - __main__ - INFO - {'College': 'CDHNS', 'MembersUpdated': [], 'MembersUpdatedCount': 0, 'RecordsUpdated': 0, 'Route': '/renewal', 'Status': 'Complete'}
2022-11-04 08:00:59,853 - __main__ - INFO - {'College': 'CDHNS', 'MembersUpdated': [], 'MembersUpdatedCount': 0, 'RecordsUpdated': 0, 'Route': '/removal', 'Status': 'Complete'}
2022-11-05 08:00:50,246 - __main__ - INFO - {'College': 'CRDHA', 'MembersUpdated': [], 'MembersUpdatedCount': 0, 'RecordsUpdated': 0, 'Route': '/renewal', 'Status': 'Complete'}
2022-11-05 08:00:50,568 - __main__ - INFO - {'College': 'CRDHA', 'MembersUpdated': [], 'MembersUpdatedCount': 0, 'RecordsUpdated': 0, 'Route': '/removal', 'Status': 'Complete'}
2022-11-05 08:00:51,597 - __main__ - INFO - {'College': 'CDHNS', 'MembersUpdated': [], 'MembersUpdatedCount': 0, 'RecordsUpdated': 0, 'Route': '/renewal', 'Status': 'Complete'}
2022-11-05 08:00:52,128 - __main__ - INFO - {'College': 'CDHNS', 'MembersUpdated': [], 'MembersUpdatedCount': 0, 'RecordsUpdated': 0, 'Route': '/removal', 'Status': 'Complete'}
2022-11-06 08:01:01,562 - __main__ - INFO - {'College': 'CRDHA', 'MembersUpdated': [], 'MembersUpdatedCount': 0, 'RecordsUpdated': 0, 'Route': '/removal', 'Status': 'Complete'}
2022-11-06 08:01:02,296 - __main__ - INFO - {'College': 'CDHNS', 'MembersUpdated': [], 'MembersUpdatedCount': 0, 'RecordsUpdated': 0, 'Route': '/renewal', 'Status': 'Complete'}
2022-11-06 08:01:02,866 - __main__ - INFO - {'College': 'CDHNS', 'MembersUpdated': [], 'MembersUpdatedCount': 0, 'RecordsUpdated': 0, 'Route': '/removal', 'Status': 'Complete'}
2022-11-07 08:00:54,029 - __main__ - INFO - {'College': 'CRDHA', 'MembersUpdated': [], 'MembersUpdatedCount': 0, 'RecordsUpdated': 0, 'Route': '/removal', 'Status': 'Complete'}
2022-11-07 08:00:54,617 - __main__ - INFO - {'College': 'CDHNS', 'MembersUpdated': [], 'MembersUpdatedCount': 0, 'RecordsUpdated': 0, 'Route': '/renewal', 'Status': 'Complete'}
2022-11-07 08:00:55,275 - __main__ - INFO - {'College': 'CDHNS', 'MembersUpdated': [], 'MembersUpdatedCount': 0, 'RecordsUpdated': 0, 'Route': '/removal', 'Status': 'Complete'}
2022-11-08 08:01:18,321 - __main__ - INFO - {'College': 'CRDHA', 'MembersUpdated': [], 'MembersUpdatedCount': 0, 'RecordsUpdated': 0, 'Route': '/removal', 'Status': 'Complete'}
2022-11-08 08:01:19,403 - __main__ - INFO - {'College': 'CDHNS', 'MembersUpdated': [], 'MembersUpdatedCount': 0, 'RecordsUpdated': 0, 'Route': '/renewal', 'Status': 'Complete'}
2022-11-08 08:01:20,026 - __main__ - INFO - {'College': 'CDHNS', 'MembersUpdated': [], 'MembersUpdatedCount': 0, 'RecordsUpdated': 0, 'Route': '/removal', 'Status': 'Complete'}
2022-11-09 08:01:01,598 - __main__ - INFO - {'College': 'CRDHA', 'MembersUpdated': [1001284], 'MembersUpdatedCount': 1, 'RecordsUpdated': 2, 'Route': '/renewal', 'Status': 'Complete'}
2022-11-09 08:01:01,750 - __main__ - INFO - {'College': 'CRDHA', 'MembersUpdated': [], 'MembersUpdatedCount': 0, 'RecordsUpdated': 0, 'Route': '/removal', 'Status': 'Complete'}
2022-11-09 08:01:02,930 - __main__ - INFO - {'College': 'CDHNS', 'MembersUpdated': [], 'MembersUpdatedCount': 0, 'RecordsUpdated': 0, 'Route': '/renewal', 'Status': 'Complete'}
2022-11-09 08:01:03,526 - __main__ - INFO - {'College': 'CDHNS', 'MembersUpdated': [], 'MembersUpdatedCount': 0, 'RecordsUpdated': 0, 'Route': '/removal', 'Status': 'Complete'}
2022-11-10 08:01:00,289 - __main__ - INFO - {'College': 'CRDHA', 'MembersUpdated': [], 'MembersUpdatedCount': 0, 'RecordsUpdated': 0, 'Route': '/removal', 'Status': 'Complete'}
2022-11-10 08:01:01,638 - __main__ - INFO - {'College': 'CDHNS', 'MembersUpdated': [], 'MembersUpdatedCount': 0, 'RecordsUpdated': 0, 'Route': '/renewal', 'Status': 'Complete'}
2022-11-10 08:01:02,115 - __main__ - INFO - {'College': 'CDHNS', 'MembersUpdated': [], 'MembersUpdatedCount': 0, 'RecordsUpdated': 0, 'Route': '/removal', 'Status': 'Complete'}
2022-11-11 08:00:39,326 - __main__ - INFO - {'College': 'CRDHA', 'MembersUpdated': [], 'MembersUpdatedCount': 0, 'RecordsUpdated': 0, 'Route': '/removal', 'Status': 'Complete'}
2022-11-11 08:00:40,384 - __main__ - INFO - {'College': 'CDHNS', 'MembersUpdated': [], 'MembersUpdatedCount': 0, 'RecordsUpdated': 0, 'Route': '/renewal', 'Status': 'Complete'}
2022-11-11 08:00:40,918 - __main__ - INFO - {'College': 'CDHNS', 'MembersUpdated': [], 'MembersUpdatedCount': 0, 'RecordsUpdated': 0, 'Route': '/removal', 'Status': 'Complete'}
2022-11-12 08:00:52,028 - __main__ - INFO - {'College': 'CRDHA', 'MembersUpdated': [], 'MembersUpdatedCount': 0, 'RecordsUpdated': 0, 'Route': '/renewal', 'Status': 'Complete'}
2022-11-12 08:00:52,157 - __main__ - INFO - {'College': 'CRDHA', 'MembersUpdated': [], 'MembersUpdatedCount': 0, 'RecordsUpdated': 0, 'Route': '/removal', 'Status': 'Complete'}
2022-11-12 08:00:54,595 - __main__ - INFO - {'College': 'CDHNS', 'MembersUpdated': [], 'MembersUpdatedCount': 0, 'RecordsUpdated': 0, 'Route': '/renewal', 'Status': 'Complete'}
2022-11-12 08:00:55,028 - __main__ - INFO - {'College': 'CDHNS', 'MembersUpdated': [], 'MembersUpdatedCount': 0, 'RecordsUpdated': 0, 'Route': '/removal', 'Status': 'Complete'}
2022-11-13 08:00:54,063 - __main__ - INFO - {'College': 'CRDHA', 'MembersUpdated': [], 'MembersUpdatedCount': 0, 'RecordsUpdated': 0, 'Route': '/renewal', 'Status': 'Complete'}
2022-11-13 08:00:54,315 - __main__ - INFO - {'College': 'CRDHA', 'MembersUpdated': [], 'MembersUpdatedCount': 0, 'RecordsUpdated': 0, 'Route': '/removal', 'Status': 'Complete'}
2022-11-13 08:00:55,406 - __main__ - INFO - {'College': 'CDHNS', 'MembersUpdated': [], 'MembersUpdatedCount': 0, 'RecordsUpdated': 0, 'Route': '/renewal', 'Status': 'Complete'}
2022-11-13 08:00:56,348 - __main__ - INFO - {'College': 'CDHNS', 'MembersUpdated': [], 'MembersUpdatedCount': 0, 'RecordsUpdated': 0, 'Route': '/removal', 'Status': 'Complete'}
2022-11-14 08:00:50,174 - __main__ - INFO - {'College': 'CRDHA', 'MembersUpdated': [], 'MembersUpdatedCount': 0, 'RecordsUpdated': 0, 'Route': '/renewal', 'Status': 'Complete'}
2022-11-14 08:00:50,492 - __main__ - INFO - {'College': 'CRDHA', 'MembersUpdated': [], 'MembersUpdatedCount': 0, 'RecordsUpdated': 0, 'Route': '/removal', 'Status': 'Complete'}
2022-11-14 08:00:51,422 - __main__ - INFO - {'College': 'CDHNS', 'MembersUpdated': [], 'MembersUpdatedCount': 0, 'RecordsUpdated': 0, 'Route': '/renewal', 'Status': 'Complete'}
2022-11-14 08:00:51,956 - __main__ - INFO - {'College': 'CDHNS', 'MembersUpdated': [], 'MembersUpdatedCount': 0, 'RecordsUpdated': 0, 'Route': '/removal', 'Status': 'Complete'}
2022-11-15 08:00:44,153 - __main__ - INFO - {'College': 'CRDHA', 'MembersUpdated': [], 'MembersUpdatedCount': 0, 'RecordsUpdated': 0, 'Route': '/renewal', 'Status': 'Complete'}
2022-11-15 08:00:44,309 - __main__ - INFO - {'College': 'CRDHA', 'MembersUpdated': [], 'MembersUpdatedCount': 0, 'RecordsUpdated': 0, 'Route': '/removal', 'Status': 'Complete'}
2022-11-15 08:00:44,796 - __main__ - INFO - {'College': 'CDHNS', 'MembersUpdated': [], 'MembersUpdatedCount': 0, 'RecordsUpdated': 0, 'Route': '/renewal', 'Status': 'Complete'}
2022-11-15 08:00:45,229 - __main__ - INFO - {'College': 'CDHNS', 'MembersUpdated': [], 'MembersUpdatedCount': 0, 'RecordsUpdated': 0, 'Route': '/removal', 'Status': 'Complete'}
2022-11-16 08:00:44,478 - __main__ - INFO - {'College': 'CRDHA', 'MembersUpdated': [], 'MembersUpdatedCount': 0, 'RecordsUpdated': 0, 'Route': '/renewal', 'Status': 'Complete'}
2022-11-16 08:00:44,606 - __main__ - INFO - {'College': 'CRDHA', 'MembersUpdated': [], 'MembersUpdatedCount': 0, 'RecordsUpdated': 0, 'Route': '/removal', 'Status': 'Complete'}
2022-11-16 08:00:45,179 - __main__ - INFO - {'College': 'CDHNS', 'MembersUpdated': [], 'MembersUpdatedCount': 0, 'RecordsUpdated': 0, 'Route': '/renewal', 'Status': 'Complete'}
2022-11-16 08:00:45,557 - __main__ - INFO - {'College': 'CDHNS', 'MembersUpdated': [], 'MembersUpdatedCount': 0, 'RecordsUpdated': 0, 'Route': '/removal', 'Status': 'Complete'}
2022-11-17 08:00:49,405 - __main__ - INFO - {'College': 'CRDHA', 'MembersUpdated': [], 'MembersUpdatedCount': 0, 'RecordsUpdated': 0, 'Route': '/renewal', 'Status': 'Complete'}
2022-11-17 08:00:49,541 - __main__ - INFO - {'College': 'CRDHA', 'MembersUpdated': [], 'MembersUpdatedCount': 0, 'RecordsUpdated': 0, 'Route': '/removal', 'Status': 'Complete'}
2022-11-17 08:00:50,100 - __main__ - INFO - {'College': 'CDHNS', 'MembersUpdated': [], 'MembersUpdatedCount': 0, 'RecordsUpdated': 0, 'Route': '/renewal', 'Status': 'Complete'}
2022-11-17 08:00:50,559 - __main__ - INFO - {'College': 'CDHNS', 'MembersUpdated': [], 'MembersUpdatedCount': 0, 'RecordsUpdated': 0, 'Route': '/removal', 'Status': 'Complete'}
2022-11-18 08:00:49,805 - __main__ - INFO - {'College': 'CRDHA', 'MembersUpdated': [], 'MembersUpdatedCount': 0, 'RecordsUpdated': 0, 'Route': '/renewal', 'Status': 'Complete'}
2022-11-18 08:00:49,953 - __main__ - INFO - {'College': 'CRDHA', 'MembersUpdated': [], 'MembersUpdatedCount': 0, 'RecordsUpdated': 0, 'Route': '/removal', 'Status': 'Complete'}
2022-11-18 08:00:50,472 - __main__ - INFO - {'College': 'CDHNS', 'MembersUpdated': [], 'MembersUpdatedCount': 0, 'RecordsUpdated': 0, 'Route': '/renewal', 'Status': 'Complete'}
2022-11-18 08:00:51,068 - __main__ - INFO - {'College': 'CDHNS', 'MembersUpdated': [], 'MembersUpdatedCount': 0, 'RecordsUpdated': 0, 'Route': '/removal', 'Status': 'Complete'}
2022-11-19 08:00:41,146 - __main__ - INFO - {'College': 'CRDHA', 'MembersUpdated': [], 'MembersUpdatedCount': 0, 'RecordsUpdated': 0, 'Route': '/renewal', 'Status': 'Complete'}
2022-11-19 08:00:41,290 - __main__ - INFO - {'College': 'CRDHA', 'MembersUpdated': [], 'MembersUpdatedCount': 0, 'RecordsUpdated': 0, 'Route': '/removal', 'Status': 'Complete'}
2022-11-19 08:00:41,897 - __main__ - INFO - {'College': 'CDHNS', 'MembersUpdated': [], 'MembersUpdatedCount': 0, 'RecordsUpdated': 0, 'Route': '/renewal', 'Status': 'Complete'}
2022-11-19 08:00:42,441 - __main__ - INFO - {'College': 'CDHNS', 'MembersUpdated': [], 'MembersUpdatedCount': 0, 'RecordsUpdated': 0, 'Route': '/removal', 'Status': 'Complete'}
2022-11-20 08:01:05,483 - __main__ - INFO - {'College': 'CRDHA', 'MembersUpdated': [], 'MembersUpdatedCount': 0, 'RecordsUpdated': 0, 'Route': '/renewal', 'Status': 'Complete'}
2022-11-20 08:01:05,782 - __main__ - INFO - {'College': 'CRDHA', 'MembersUpdated': [], 'MembersUpdatedCount': 0, 'RecordsUpdated': 0, 'Route': '/removal', 'Status': 'Complete'}
2022-11-20 08:01:06,769 - __main__ - INFO - {'College': 'CDHNS', 'MembersUpdated': [], 'MembersUpdatedCount': 0, 'RecordsUpdated': 0, 'Route': '/renewal', 'Status': 'Complete'}
2022-11-20 08:01:07,352 - __main__ - INFO - {'College': 'CDHNS', 'MembersUpdated': [], 'MembersUpdatedCount': 0, 'RecordsUpdated': 0, 'Route': '/removal', 'Status': 'Complete'}
2022-11-21 08:00:57,749 - __main__ - INFO - {'College': 'CRDHA', 'MembersUpdated': [], 'MembersUpdatedCount': 0, 'RecordsUpdated': 0, 'Route': '/renewal', 'Status': 'Complete'}
2022-11-21 08:00:58,038 - __main__ - INFO - {'College': 'CRDHA', 'MembersUpdated': [], 'MembersUpdatedCount': 0, 'RecordsUpdated': 0, 'Route': '/removal', 'Status': 'Complete'}
2022-11-21 08:00:58,987 - __main__ - INFO - {'College': 'CDHNS', 'MembersUpdated': [], 'MembersUpdatedCount': 0, 'RecordsUpdated': 0, 'Route': '/renewal', 'Status': 'Complete'}
2022-11-21 08:00:59,637 - __main__ - INFO - {'College': 'CDHNS', 'MembersUpdated': [], 'MembersUpdatedCount': 0, 'RecordsUpdated': 0, 'Route': '/removal', 'Status': 'Complete'}
2022-11-22 08:00:58,364 - __main__ - INFO - {'College': 'CRDHA', 'MembersUpdated': [1007397], 'MembersUpdatedCount': 1, 'RecordsUpdated': 2, 'Route': '/renewal', 'Status': 'Complete'}
2022-11-22 08:00:58,513 - __main__ - INFO - {'College': 'CRDHA', 'MembersUpdated': [], 'MembersUpdatedCount': 0, 'RecordsUpdated': 0, 'Route': '/removal', 'Status': 'Complete'}
2022-11-22 08:00:59,001 - __main__ - INFO - {'College': 'CDHNS', 'MembersUpdated': [], 'MembersUpdatedCount': 0, 'RecordsUpdated': 0, 'Route': '/renewal', 'Status': 'Complete'}
2022-11-22 08:00:59,384 - __main__ - INFO - {'College': 'CDHNS', 'MembersUpdated': [], 'MembersUpdatedCount': 0, 'RecordsUpdated': 0, 'Route': '/removal', 'Status': 'Complete'}
2022-11-23 08:01:00,225 - __main__ - INFO - {'College': 'CRDHA', 'MembersUpdated': [], 'MembersUpdatedCount': 0, 'RecordsUpdated': 0, 'Route': '/renewal', 'Status': 'Complete'}
2022-11-23 08:01:00,352 - __main__ - INFO - {'College': 'CRDHA', 'MembersUpdated': [], 'MembersUpdatedCount': 0, 'RecordsUpdated': 0, 'Route': '/removal', 'Status': 'Complete'}
2022-11-23 08:01:00,854 - __main__ - INFO - {'College': 'CDHNS', 'MembersUpdated': [], 'MembersUpdatedCount': 0, 'RecordsUpdated': 0, 'Route': '/renewal', 'Status': 'Complete'}
2022-11-23 08:01:01,233 - __main__ - INFO - {'College': 'CDHNS', 'MembersUpdated': [], 'MembersUpdatedCount': 0, 'RecordsUpdated': 0, 'Route': '/removal', 'Status': 'Complete'}
2022-11-24 08:01:00,413 - __main__ - INFO - {'College': 'CRDHA', 'MembersUpdated': [], 'MembersUpdatedCount': 0, 'RecordsUpdated': 0, 'Route': '/renewal', 'Status': 'Complete'}
2022-11-24 08:01:00,660 - __main__ - INFO - {'College': 'CRDHA', 'MembersUpdated': [], 'MembersUpdatedCount': 0, 'RecordsUpdated': 0, 'Route': '/removal', 'Status': 'Complete'}
2022-11-24 08:01:01,510 - __main__ - INFO - {'College': 'CDHNS', 'MembersUpdated': [], 'MembersUpdatedCount': 0, 'RecordsUpdated': 0, 'Route': '/renewal', 'Status': 'Complete'}
2022-11-24 08:01:02,026 - __main__ - INFO - {'College': 'CDHNS', 'MembersUpdated': [], 'MembersUpdatedCount': 0, 'RecordsUpdated': 0, 'Route': '/removal', 'Status': 'Complete'}
